[2022-07-18 12:34:36,814]   INFO [id: MAIN_SERVER] - er.rest.APIController/rest-api - Listening for paths [/app/rest/2018.1, /app/rest, /app/rest/latest, /app/rest/ui, /api, /app/graphql] in plugin 'rest-api'
[2022-07-18 12:34:36,975]   INFO [in 'rest-api' 1] - nsAwareResourceConfig/rest-api - Packages registered by rest extensions: [jetbrains.buildServer.compare, jetbrains.buildServer.server.restcontrib]
[2022-07-18 12:34:37,922]   INFO [in 'rest-api' 1] - nsAwareResourceConfig/rest-api - Root resource classes found:
  class jetbrains.buildServer.server.rest.request.TwoFactorRequest
  class jetbrains.buildServer.server.rest.request.AuditRequest
  class jetbrains.buildServer.server.rest.request.ChangeRequest
  class jetbrains.buildServer.server.rest.swagger.SwaggerUI
  class jetbrains.buildServer.compare.rest.BuildsCompareEndpoint
  class jetbrains.buildServer.server.rest.request.ProjectRequest
  class jetbrains.buildServer.server.rest.request.InvestigationRequest
  class jetbrains.buildServer.server.rest.request.TestRequest
  class jetbrains.buildServer.server.rest.request.TestOccurrenceRequest
  class jetbrains.buildServer.server.rest.request.GroupRequest
  class jetbrains.buildServer.server.rest.request.DebugRequest
  class jetbrains.buildServer.server.rest.request.UserRequest
  class jetbrains.buildServer.server.restcontrib.cctray.request.CCTrayRequest
  class jetbrains.buildServer.server.rest.request.MuteRequest
  class jetbrains.buildServer.server.rest.request.BuildQueueRequest
  class jetbrains.buildServer.server.rest.request.FederationRequest
  class jetbrains.buildServer.server.rest.request.AvatarRequest
  class jetbrains.buildServer.server.rest.request.CloudRequest
  class jetbrains.buildServer.server.rest.request.RootApiRequest
  class jetbrains.buildServer.server.rest.request.VcsRootRequest
  class jetbrains.buildServer.server.rest.request.BuildRequest
  class jetbrains.buildServer.server.rest.request.AgentPoolRequest
  class jetbrains.buildServer.server.rest.request.ProblemOccurrenceRequest
  class jetbrains.buildServer.server.rest.request.AgentRequest
  class jetbrains.buildServer.server.rest.request.VcsRootInstanceRequest
  class jetbrains.buildServer.server.rest.request.BuildTypeRequest
  class jetbrains.buildServer.server.rest.request.HealthRequest
  class jetbrains.buildServer.server.rest.request.ProblemRequest
  class jetbrains.buildServer.server.rest.request.TestScopesRequest
  class jetbrains.buildServer.server.rest.swagger.SwaggerResource
  class jetbrains.buildServer.server.rest.request.ServerRequest
[2022-07-18 12:34:37,923]   INFO [in 'rest-api' 1] - nsAwareResourceConfig/rest-api - Provider classes found:
  class jetbrains.buildServer.server.rest.swagger.SwaggerReaderConfigProvider
  class jetbrains.buildServer.server.rest.swagger.SwaggerSerializers
  class jetbrains.buildServer.server.rest.swagger.SwaggerConfigProvider
[2022-07-18 12:34:37,923]   INFO [in 'rest-api' 1] - nsAwareResourceConfig/rest-api - Locator classes found:
  class jetbrains.buildServer.server.rest.data.problem.TestOccurrenceFinder
  class jetbrains.buildServer.server.rest.data.UserFinder
  class jetbrains.buildServer.server.rest.data.BuildTypeFinder
  class jetbrains.buildServer.server.rest.data.AgentPoolFinder
  class jetbrains.buildServer.server.rest.data.ChangeFinder
  class jetbrains.buildServer.server.rest.data.problem.ProblemOccurrenceFinder
  class jetbrains.buildServer.server.rest.data.BuildPromotionFinder
  class jetbrains.buildServer.server.rest.data.AgentFinder
  class jetbrains.buildServer.server.rest.data.CloudImageFinder
  class jetbrains.buildServer.server.rest.data.CloudProfileFinder
  class jetbrains.buildServer.server.rest.data.CloudInstanceFinder
  class jetbrains.buildServer.server.rest.data.ProjectFinder
  class jetbrains.buildServer.server.rest.data.QueuedBuildFinder
  class jetbrains.buildServer.server.rest.data.VcsRootInstanceFinder
  class jetbrains.buildServer.server.rest.data.problem.TestFinder
  class jetbrains.buildServer.server.rest.data.investigations.InvestigationFinder
  class jetbrains.buildServer.server.rest.data.mutes.MuteFinder
  class jetbrains.buildServer.server.rest.data.AuditEventFinder
  class jetbrains.buildServer.server.rest.data.BranchFinder
  class jetbrains.buildServer.server.rest.data.UserGroupFinder
  class jetbrains.buildServer.server.rest.data.VcsRootFinder
  class jetbrains.buildServer.server.rest.data.build.TagFinder
  class jetbrains.buildServer.server.rest.data.problem.ProblemFinder
[2022-07-18 12:41:05,458]   INFO [id: MAIN_SERVER] - er.rest.APIController/rest-api - Listening for paths [/app/rest/2018.1, /app/rest, /app/rest/latest, /app/rest/ui, /api, /app/graphql] in plugin 'rest-api'
[2022-07-18 12:41:05,599]   INFO [in 'rest-api' 1] - nsAwareResourceConfig/rest-api - Packages registered by rest extensions: [jetbrains.buildServer.compare, jetbrains.buildServer.server.restcontrib]
[2022-07-18 12:41:06,550]   INFO [in 'rest-api' 1] - nsAwareResourceConfig/rest-api - Root resource classes found:
  class jetbrains.buildServer.server.rest.request.BuildQueueRequest
  class jetbrains.buildServer.server.rest.request.BuildRequest
  class jetbrains.buildServer.server.rest.request.ProblemRequest
  class jetbrains.buildServer.server.rest.request.ServerRequest
  class jetbrains.buildServer.server.restcontrib.cctray.request.CCTrayRequest
  class jetbrains.buildServer.server.rest.request.TestRequest
  class jetbrains.buildServer.server.rest.request.TestOccurrenceRequest
  class jetbrains.buildServer.server.rest.swagger.SwaggerUI
  class jetbrains.buildServer.server.rest.request.AgentPoolRequest
  class jetbrains.buildServer.server.rest.request.CloudRequest
  class jetbrains.buildServer.server.rest.request.HealthRequest
  class jetbrains.buildServer.server.rest.request.ProjectRequest
  class jetbrains.buildServer.server.rest.request.RootApiRequest
  class jetbrains.buildServer.server.rest.request.ChangeRequest
  class jetbrains.buildServer.server.rest.request.ProblemOccurrenceRequest
  class jetbrains.buildServer.server.rest.request.GroupRequest
  class jetbrains.buildServer.server.rest.request.VcsRootRequest
  class jetbrains.buildServer.server.rest.request.FederationRequest
  class jetbrains.buildServer.server.rest.request.DebugRequest
  class jetbrains.buildServer.server.rest.request.TestScopesRequest
  class jetbrains.buildServer.server.rest.request.InvestigationRequest
  class jetbrains.buildServer.server.rest.request.AuditRequest
  class jetbrains.buildServer.server.rest.request.AgentRequest
  class jetbrains.buildServer.server.rest.request.TwoFactorRequest
  class jetbrains.buildServer.server.rest.swagger.SwaggerResource
  class jetbrains.buildServer.server.rest.request.VcsRootInstanceRequest
  class jetbrains.buildServer.server.rest.request.AvatarRequest
  class jetbrains.buildServer.server.rest.request.BuildTypeRequest
  class jetbrains.buildServer.compare.rest.BuildsCompareEndpoint
  class jetbrains.buildServer.server.rest.request.UserRequest
  class jetbrains.buildServer.server.rest.request.MuteRequest
[2022-07-18 12:41:06,550]   INFO [in 'rest-api' 1] - nsAwareResourceConfig/rest-api - Provider classes found:
  class jetbrains.buildServer.server.rest.swagger.SwaggerReaderConfigProvider
  class jetbrains.buildServer.server.rest.swagger.SwaggerConfigProvider
  class jetbrains.buildServer.server.rest.swagger.SwaggerSerializers
[2022-07-18 12:41:06,552]   INFO [in 'rest-api' 1] - nsAwareResourceConfig/rest-api - Locator classes found:
  class jetbrains.buildServer.server.rest.data.QueuedBuildFinder
  class jetbrains.buildServer.server.rest.data.investigations.InvestigationFinder
  class jetbrains.buildServer.server.rest.data.VcsRootInstanceFinder
  class jetbrains.buildServer.server.rest.data.UserFinder
  class jetbrains.buildServer.server.rest.data.BuildPromotionFinder
  class jetbrains.buildServer.server.rest.data.BuildTypeFinder
  class jetbrains.buildServer.server.rest.data.VcsRootFinder
  class jetbrains.buildServer.server.rest.data.AgentPoolFinder
  class jetbrains.buildServer.server.rest.data.build.TagFinder
  class jetbrains.buildServer.server.rest.data.CloudImageFinder
  class jetbrains.buildServer.server.rest.data.AuditEventFinder
  class jetbrains.buildServer.server.rest.data.CloudProfileFinder
  class jetbrains.buildServer.server.rest.data.UserGroupFinder
  class jetbrains.buildServer.server.rest.data.problem.TestFinder
  class jetbrains.buildServer.server.rest.data.BranchFinder
  class jetbrains.buildServer.server.rest.data.ChangeFinder
  class jetbrains.buildServer.server.rest.data.mutes.MuteFinder
  class jetbrains.buildServer.server.rest.data.problem.ProblemFinder
  class jetbrains.buildServer.server.rest.data.problem.ProblemOccurrenceFinder
  class jetbrains.buildServer.server.rest.data.AgentFinder
  class jetbrains.buildServer.server.rest.data.CloudInstanceFinder
  class jetbrains.buildServer.server.rest.data.ProjectFinder
  class jetbrains.buildServer.server.rest.data.problem.TestOccurrenceFinder
[2022-07-18 12:51:33,374]   INFO [id: MAIN_SERVER] - er.rest.APIController/rest-api - Listening for paths [/app/rest/2018.1, /app/rest, /app/rest/latest, /app/rest/ui, /api, /app/graphql] in plugin 'rest-api'
[2022-07-18 12:51:33,506]   INFO [in 'rest-api' 1] - nsAwareResourceConfig/rest-api - Packages registered by rest extensions: [jetbrains.buildServer.compare, jetbrains.buildServer.server.restcontrib]
[2022-07-18 12:51:34,392]   INFO [in 'rest-api' 1] - nsAwareResourceConfig/rest-api - Root resource classes found:
  class jetbrains.buildServer.server.rest.request.TestRequest
  class jetbrains.buildServer.server.rest.request.ServerRequest
  class jetbrains.buildServer.server.restcontrib.cctray.request.CCTrayRequest
  class jetbrains.buildServer.server.rest.request.HealthRequest
  class jetbrains.buildServer.server.rest.request.AvatarRequest
  class jetbrains.buildServer.server.rest.request.ProjectRequest
  class jetbrains.buildServer.server.rest.request.DebugRequest
  class jetbrains.buildServer.server.rest.request.AgentRequest
  class jetbrains.buildServer.server.rest.request.BuildRequest
  class jetbrains.buildServer.server.rest.request.BuildTypeRequest
  class jetbrains.buildServer.server.rest.request.TestOccurrenceRequest
  class jetbrains.buildServer.server.rest.swagger.SwaggerUI
  class jetbrains.buildServer.server.rest.swagger.SwaggerResource
  class jetbrains.buildServer.server.rest.request.AgentPoolRequest
  class jetbrains.buildServer.server.rest.request.UserRequest
  class jetbrains.buildServer.server.rest.request.GroupRequest
  class jetbrains.buildServer.server.rest.request.ProblemOccurrenceRequest
  class jetbrains.buildServer.server.rest.request.MuteRequest
  class jetbrains.buildServer.server.rest.request.CloudRequest
  class jetbrains.buildServer.server.rest.request.ChangeRequest
  class jetbrains.buildServer.compare.rest.BuildsCompareEndpoint
  class jetbrains.buildServer.server.rest.request.ProblemRequest
  class jetbrains.buildServer.server.rest.request.TestScopesRequest
  class jetbrains.buildServer.server.rest.request.FederationRequest
  class jetbrains.buildServer.server.rest.request.RootApiRequest
  class jetbrains.buildServer.server.rest.request.TwoFactorRequest
  class jetbrains.buildServer.server.rest.request.VcsRootRequest
  class jetbrains.buildServer.server.rest.request.BuildQueueRequest
  class jetbrains.buildServer.server.rest.request.AuditRequest
  class jetbrains.buildServer.server.rest.request.InvestigationRequest
  class jetbrains.buildServer.server.rest.request.VcsRootInstanceRequest
[2022-07-18 12:51:34,392]   INFO [in 'rest-api' 1] - nsAwareResourceConfig/rest-api - Provider classes found:
  class jetbrains.buildServer.server.rest.swagger.SwaggerSerializers
  class jetbrains.buildServer.server.rest.swagger.SwaggerReaderConfigProvider
  class jetbrains.buildServer.server.rest.swagger.SwaggerConfigProvider
[2022-07-18 12:51:34,392]   INFO [in 'rest-api' 1] - nsAwareResourceConfig/rest-api - Locator classes found:
  class jetbrains.buildServer.server.rest.data.BuildTypeFinder
  class jetbrains.buildServer.server.rest.data.mutes.MuteFinder
  class jetbrains.buildServer.server.rest.data.AgentPoolFinder
  class jetbrains.buildServer.server.rest.data.problem.TestFinder
  class jetbrains.buildServer.server.rest.data.QueuedBuildFinder
  class jetbrains.buildServer.server.rest.data.AgentFinder
  class jetbrains.buildServer.server.rest.data.AuditEventFinder
  class jetbrains.buildServer.server.rest.data.BuildPromotionFinder
  class jetbrains.buildServer.server.rest.data.ChangeFinder
  class jetbrains.buildServer.server.rest.data.UserGroupFinder
  class jetbrains.buildServer.server.rest.data.build.TagFinder
  class jetbrains.buildServer.server.rest.data.VcsRootFinder
  class jetbrains.buildServer.server.rest.data.CloudInstanceFinder
  class jetbrains.buildServer.server.rest.data.ProjectFinder
  class jetbrains.buildServer.server.rest.data.investigations.InvestigationFinder
  class jetbrains.buildServer.server.rest.data.problem.ProblemOccurrenceFinder
  class jetbrains.buildServer.server.rest.data.BranchFinder
  class jetbrains.buildServer.server.rest.data.VcsRootInstanceFinder
  class jetbrains.buildServer.server.rest.data.CloudProfileFinder
  class jetbrains.buildServer.server.rest.data.problem.ProblemFinder
  class jetbrains.buildServer.server.rest.data.CloudImageFinder
  class jetbrains.buildServer.server.rest.data.problem.TestOccurrenceFinder
  class jetbrains.buildServer.server.rest.data.UserFinder
[2022-07-18 13:02:12,177]   INFO [id: MAIN_SERVER] - er.rest.APIController/rest-api - Listening for paths [/app/rest/2018.1, /app/rest, /app/rest/latest, /app/rest/ui, /api, /app/graphql] in plugin 'rest-api'
[2022-07-18 13:02:12,331]   INFO [in 'rest-api' 1] - nsAwareResourceConfig/rest-api - Packages registered by rest extensions: [jetbrains.buildServer.compare, jetbrains.buildServer.server.restcontrib]
[2022-07-18 13:02:14,033]   INFO [in 'rest-api' 1] - nsAwareResourceConfig/rest-api - Root resource classes found:
  class jetbrains.buildServer.server.rest.request.TestScopesRequest
  class jetbrains.buildServer.server.rest.request.VcsRootInstanceRequest
  class jetbrains.buildServer.server.rest.request.GroupRequest
  class jetbrains.buildServer.server.rest.swagger.SwaggerUI
  class jetbrains.buildServer.server.rest.request.DebugRequest
  class jetbrains.buildServer.server.restcontrib.cctray.request.CCTrayRequest
  class jetbrains.buildServer.server.rest.request.BuildTypeRequest
  class jetbrains.buildServer.server.rest.request.TestRequest
  class jetbrains.buildServer.server.rest.request.MuteRequest
  class jetbrains.buildServer.server.rest.request.AvatarRequest
  class jetbrains.buildServer.server.rest.request.ProblemRequest
  class jetbrains.buildServer.server.rest.request.ServerRequest
  class jetbrains.buildServer.server.rest.request.UserRequest
  class jetbrains.buildServer.server.rest.request.HealthRequest
  class jetbrains.buildServer.server.rest.request.RootApiRequest
  class jetbrains.buildServer.server.rest.request.AgentRequest
  class jetbrains.buildServer.server.rest.request.TwoFactorRequest
  class jetbrains.buildServer.server.rest.request.TestOccurrenceRequest
  class jetbrains.buildServer.server.rest.request.InvestigationRequest
  class jetbrains.buildServer.server.rest.request.ProjectRequest
  class jetbrains.buildServer.server.rest.swagger.SwaggerResource
  class jetbrains.buildServer.server.rest.request.BuildRequest
  class jetbrains.buildServer.server.rest.request.ProblemOccurrenceRequest
  class jetbrains.buildServer.compare.rest.BuildsCompareEndpoint
  class jetbrains.buildServer.server.rest.request.ChangeRequest
  class jetbrains.buildServer.server.rest.request.AuditRequest
  class jetbrains.buildServer.server.rest.request.CloudRequest
  class jetbrains.buildServer.server.rest.request.VcsRootRequest
  class jetbrains.buildServer.server.rest.request.FederationRequest
  class jetbrains.buildServer.server.rest.request.AgentPoolRequest
  class jetbrains.buildServer.server.rest.request.BuildQueueRequest
[2022-07-18 13:02:14,033]   INFO [in 'rest-api' 1] - nsAwareResourceConfig/rest-api - Provider classes found:
  class jetbrains.buildServer.server.rest.swagger.SwaggerSerializers
  class jetbrains.buildServer.server.rest.swagger.SwaggerConfigProvider
  class jetbrains.buildServer.server.rest.swagger.SwaggerReaderConfigProvider
[2022-07-18 13:02:14,033]   INFO [in 'rest-api' 1] - nsAwareResourceConfig/rest-api - Locator classes found:
  class jetbrains.buildServer.server.rest.data.investigations.InvestigationFinder
  class jetbrains.buildServer.server.rest.data.UserFinder
  class jetbrains.buildServer.server.rest.data.BuildTypeFinder
  class jetbrains.buildServer.server.rest.data.CloudImageFinder
  class jetbrains.buildServer.server.rest.data.problem.TestOccurrenceFinder
  class jetbrains.buildServer.server.rest.data.BranchFinder
  class jetbrains.buildServer.server.rest.data.CloudProfileFinder
  class jetbrains.buildServer.server.rest.data.AgentFinder
  class jetbrains.buildServer.server.rest.data.problem.TestFinder
  class jetbrains.buildServer.server.rest.data.AuditEventFinder
  class jetbrains.buildServer.server.rest.data.QueuedBuildFinder
  class jetbrains.buildServer.server.rest.data.VcsRootFinder
  class jetbrains.buildServer.server.rest.data.problem.ProblemFinder
  class jetbrains.buildServer.server.rest.data.BuildPromotionFinder
  class jetbrains.buildServer.server.rest.data.CloudInstanceFinder
  class jetbrains.buildServer.server.rest.data.VcsRootInstanceFinder
  class jetbrains.buildServer.server.rest.data.ChangeFinder
  class jetbrains.buildServer.server.rest.data.UserGroupFinder
  class jetbrains.buildServer.server.rest.data.build.TagFinder
  class jetbrains.buildServer.server.rest.data.problem.ProblemOccurrenceFinder
  class jetbrains.buildServer.server.rest.data.ProjectFinder
  class jetbrains.buildServer.server.rest.data.mutes.MuteFinder
  class jetbrains.buildServer.server.rest.data.AgentPoolFinder
