/*C2*/SET SCHEMA PUBLIC
set database SQL regular names false
set database SQL syntax ora true
set database transaction control MVLocks
DISCONNECT
/*C4*/SET SCHEMA PUBLIC
DISCONNECT
/*C5*/SET SCHEMA PUBLIC
DELETE FROM AGENT WHERE ID=1
INSERT INTO AGENT VALUES(1,'Agent 1-2','10.0.14.4',9090,1,1,1,0,1658148705361,1658149022777,'Server shutdown','873552bf42ca6dcd756de0947acf858a',NULL,NULL)
COMMIT
DELETE FROM NODE_TASKS WHERE ID=31
INSERT INTO NODE_TASKS VALUES(31,'processingTriggers','processingTriggers-mavenSnapshotDependencyTrigger',NULL,NULL,'mavenSnapshotDependencyTrigger','MAIN_SERVER','MAIN_SERVER',1,'2022-07-18 12:51:40.219000',NULL)
COMMIT
DELETE FROM NODE_TASKS WHERE ID=32
INSERT INTO NODE_TASKS VALUES(32,'processingTriggers','processingTriggers-mavenArtifactDependencyTrigger',NULL,NULL,'mavenArtifactDependencyTrigger','MAIN_SERVER','MAIN_SERVER',1,'2022-07-18 12:51:40.245000',NULL)
COMMIT
DELETE FROM NODE_TASKS WHERE ID=33
INSERT INTO NODE_TASKS VALUES(33,'periodicalCheckingForChanges','periodicalCheckingForChanges',NULL,NULL,NULL,'MAIN_SERVER','MAIN_SERVER',1,'2022-07-18 12:51:50.205000',NULL)
COMMIT
DELETE FROM NODE_TASKS WHERE ID=34
INSERT INTO NODE_TASKS VALUES(34,'processingTriggers','processingTriggers-perforceShelveTrigger',NULL,NULL,'perforceShelveTrigger','MAIN_SERVER','MAIN_SERVER',1,'2022-07-18 12:51:50.524000',NULL)
COMMIT
DELETE FROM NODE_TASKS WHERE ID=35
INSERT INTO NODE_TASKS VALUES(35,'processingTriggers','processingTriggers-nuget.simple',NULL,NULL,'nuget.simple','MAIN_SERVER','MAIN_SERVER',1,'2022-07-18 12:51:50.525000',NULL)
COMMIT
/*C7*/SET SCHEMA PUBLIC
INSERT INTO NODE_TASKS VALUES(41,'processingTriggers','processingTriggers-mavenArtifactDependencyTrigger',NULL,NULL,'mavenArtifactDependencyTrigger','MAIN_SERVER',NULL,0,'2022-07-18 13:02:23.374000',NULL)
COMMIT
/*C5*/DELETE FROM NODE_TASKS WHERE ID=36
INSERT INTO NODE_TASKS VALUES(36,'processingTriggers','processingTriggers-vcsTrigger',NULL,NULL,'vcsTrigger','MAIN_SERVER','MAIN_SERVER',1,'2022-07-18 12:51:50.527000',NULL)
COMMIT
DELETE FROM NODE_TASKS WHERE ID=37
INSERT INTO NODE_TASKS VALUES(37,'processingTriggers','processingTriggers-retryBuildTrigger',NULL,NULL,'retryBuildTrigger','MAIN_SERVER','MAIN_SERVER',1,'2022-07-18 12:51:50.532000',NULL)
COMMIT
DELETE FROM NODE_TASKS WHERE ID=38
INSERT INTO NODE_TASKS VALUES(38,'processingTriggers','processingTriggers-buildDependencyTrigger',NULL,NULL,'buildDependencyTrigger','MAIN_SERVER','MAIN_SERVER',1,'2022-07-18 12:51:50.533000',NULL)
COMMIT
DELETE FROM NODE_TASKS WHERE ID=39
INSERT INTO NODE_TASKS VALUES(39,'processingTriggers','processingTriggers-schedulingTrigger',NULL,NULL,'schedulingTrigger','MAIN_SERVER','MAIN_SERVER',1,'2022-07-18 12:51:50.534000',NULL)
COMMIT
DELETE FROM NODE_TASKS WHERE ID=40
INSERT INTO NODE_TASKS VALUES(40,'processingTriggers','processingTriggers-remoteRunOnBranch',NULL,NULL,'remoteRunOnBranch','MAIN_SERVER','MAIN_SERVER',1,'2022-07-18 12:51:50.535000',NULL)
COMMIT
DELETE FROM AGENT WHERE ID=1
INSERT INTO AGENT VALUES(1,'Agent 1-2','10.0.14.4',9090,1,1,1,0,1658148705361,1658149022777,'Server shutdown','873552bf42ca6dcd756de0947acf858a',NULL,NULL)
COMMIT
DELETE FROM AGENT WHERE ID=1
INSERT INTO AGENT VALUES(1,'Agent 1-2','10.0.14.4',9090,1,1,1,0,1658148705361,1658149022777,'Server shutdown','873552bf42ca6dcd756de0947acf858a',NULL,NULL)
COMMIT
DELETE FROM AGENT WHERE ID=1
INSERT INTO AGENT VALUES(1,'Agent 1-2','10.0.14.4',9090,1,1,1,0,1658148705361,1658149022777,'Server shutdown','873552bf42ca6dcd756de0947acf858a',NULL,NULL)
COMMIT
DELETE FROM AGENT_TYPE_INFO WHERE AGENT_TYPE_ID=1
INSERT INTO AGENT_TYPE_INFO VALUES(1,'Linux, version 5.15.0-41-generic',638,'2022-07-18 13:02:33.143000','2022-07-18 13:02:33.143000')
COMMIT
DELETE FROM AGENT WHERE ID=1
INSERT INTO AGENT VALUES(1,'Agent 1-2','10.0.14.4',9090,1,1,1,1,1658149353130,1658149022777,NULL,'873552bf42ca6dcd756de0947acf858a',NULL,NULL)
COMMIT
/*C7*/INSERT INTO NODE_TASKS VALUES(42,'periodicalCheckingForChanges','periodicalCheckingForChanges',NULL,NULL,NULL,'MAIN_SERVER',NULL,0,'2022-07-18 13:02:33.241000',NULL)
COMMIT
DELETE FROM AGENT WHERE ID=1
INSERT INTO AGENT VALUES(1,'Agent 1-2','10.0.14.4',9090,1,1,1,1,1658149353130,1658149353232,NULL,'873552bf42ca6dcd756de0947acf858a',NULL,NULL)
COMMIT
/*C5*/INSERT INTO NODE_TASKS VALUES(43,'processingTriggers','processingTriggers-mavenSnapshotDependencyTrigger',NULL,NULL,'mavenSnapshotDependencyTrigger','MAIN_SERVER',NULL,0,'2022-07-18 13:02:33.940000',NULL)
COMMIT
INSERT INTO NODE_TASKS VALUES(44,'processingTriggers','processingTriggers-perforceShelveTrigger',NULL,NULL,'perforceShelveTrigger','MAIN_SERVER',NULL,0,'2022-07-18 13:02:33.942000',NULL)
COMMIT
INSERT INTO NODE_TASKS VALUES(45,'processingTriggers','processingTriggers-buildDependencyTrigger',NULL,NULL,'buildDependencyTrigger','MAIN_SERVER',NULL,0,'2022-07-18 13:02:33.945000',NULL)
COMMIT
INSERT INTO NODE_TASKS VALUES(46,'processingTriggers','processingTriggers-remoteRunOnBranch',NULL,NULL,'remoteRunOnBranch','MAIN_SERVER',NULL,0,'2022-07-18 13:02:33.948000',NULL)
COMMIT
INSERT INTO NODE_TASKS VALUES(47,'processingTriggers','processingTriggers-retryBuildTrigger',NULL,NULL,'retryBuildTrigger','MAIN_SERVER',NULL,0,'2022-07-18 13:02:33.952000',NULL)
COMMIT
INSERT INTO NODE_TASKS VALUES(48,'processingTriggers','processingTriggers-vcsTrigger',NULL,NULL,'vcsTrigger','MAIN_SERVER',NULL,0,'2022-07-18 13:02:33.958000',NULL)
COMMIT
INSERT INTO NODE_TASKS VALUES(49,'processingTriggers','processingTriggers-schedulingTrigger',NULL,NULL,'schedulingTrigger','MAIN_SERVER',NULL,0,'2022-07-18 13:02:33.961000',NULL)
COMMIT
INSERT INTO NODE_TASKS VALUES(50,'processingTriggers','processingTriggers-nuget.simple',NULL,NULL,'nuget.simple','MAIN_SERVER',NULL,0,'2022-07-18 13:02:33.962000',NULL)
COMMIT
INSERT INTO SERVER_STATISTICS VALUES(1,1,1658149403467)
COMMIT
INSERT INTO SERVER_STATISTICS VALUES(3,3,1658149403467)
COMMIT
INSERT INTO SERVER_STATISTICS VALUES(2,0,1658149403467)
COMMIT
